[0.046s] Invoking command in '/home/ubuntu/ros2_ws/bridgeroadinspectiondrone/ros/src/build/imaging': /usr/bin/cmake --build /home/ubuntu/ros2_ws/bridgeroadinspectiondrone/ros/src/build/imaging -- -j4 -l4
[0.208s] [35m[1mScanning dependencies of target image_pub[0m
[0.394s] [ 50%] [32mBuilding CXX object CMakeFiles/image_pub.dir/src/image_pub.cpp.o[0m
[19.960s] [100%] [32m[1mLinking CXX executable image_pub[0m
[22.018s] /usr/bin/ld: CMakeFiles/image_pub.dir/src/image_pub.cpp.o: in function `LibSeek::SeekThermalPro::~SeekThermalPro()':
[22.019s] image_pub.cpp:(.text._ZN7LibSeek14SeekThermalProD2Ev[_ZN7LibSeek14SeekThermalProD5Ev]+0xc): undefined reference to `vtable for LibSeek::SeekThermalPro'
[22.020s] /usr/bin/ld: image_pub.cpp:(.text._ZN7LibSeek14SeekThermalProD2Ev[_ZN7LibSeek14SeekThermalProD5Ev]+0x10): undefined reference to `vtable for LibSeek::SeekThermalPro'
[22.020s] /usr/bin/ld: image_pub.cpp:(.text._ZN7LibSeek14SeekThermalProD2Ev[_ZN7LibSeek14SeekThermalProD5Ev]+0x24): undefined reference to `LibSeek::SeekCam::~SeekCam()'
[22.021s] /usr/bin/ld: CMakeFiles/image_pub.dir/src/image_pub.cpp.o: in function `ImagePub::ImagePub()':
[22.021s] image_pub.cpp:(.text._ZN8ImagePubC2Ev[_ZN8ImagePubC5Ev]+0x118): undefined reference to `LibSeek::SeekThermalPro::SeekThermalPro()'
[22.036s] collect2: error: ld returned 1 exit status
[22.043s] make[2]: *** [CMakeFiles/image_pub.dir/build.make:226: image_pub] Error 1
[22.044s] make[1]: *** [CMakeFiles/Makefile2:78: CMakeFiles/image_pub.dir/all] Error 2
[22.045s] make: *** [Makefile:141: all] Error 2
[22.052s] Invoked command in '/home/ubuntu/ros2_ws/bridgeroadinspectiondrone/ros/src/build/imaging' returned '2': /usr/bin/cmake --build /home/ubuntu/ros2_ws/bridgeroadinspectiondrone/ros/src/build/imaging -- -j4 -l4
