[01m[K/home/ubuntu/ros2_ws/bridgeroadinspectiondrone/ros/src/imaging/src/image_pub.cpp:[m[K In member function â€˜[01m[Kvoid ImagePub::timer_callback()[m[Kâ€™:
[01m[K/home/ubuntu/ros2_ws/bridgeroadinspectiondrone/ros/src/imaging/src/image_pub.cpp:49:20:[m[K [01;31m[Kerror: [m[Kâ€˜[01m[Kclass cv::VideoCapture[m[Kâ€™ has no member named â€˜[01m[Kempty[m[Kâ€™
   49 |         if(vl_cam->[01;31m[Kempty[m[K())
      |                    [01;31m[K^~~~~[m[K
make[2]: *** [CMakeFiles/image_pub.dir/build.make:63: CMakeFiles/image_pub.dir/src/image_pub.cpp.o] Error 1
make[1]: *** [CMakeFiles/Makefile2:78: CMakeFiles/image_pub.dir/all] Error 2
make: *** [Makefile:141: all] Error 2
