[1.437s] Invoking command in '/home/ubuntu/ros2_ws/bridgeroadinspectiondrone/ros/src/build/imaging': /usr/bin/cmake --build /home/ubuntu/ros2_ws/bridgeroadinspectiondrone/ros/src/build/imaging -- -j4 -l4
[1.876s] [35m[1mScanning dependencies of target image_pub[0m
[4.303s] [ 50%] [32mBuilding CXX object CMakeFiles/image_pub.dir/src/image_pub.cpp.o[0m
[21.476s] [01m[K/home/ubuntu/ros2_ws/bridgeroadinspectiondrone/ros/src/imaging/src/image_pub.cpp:[m[K In member function â€˜[01m[Kvoid ImagePub::timer_callback()[m[Kâ€™:
[21.477s] [01m[K/home/ubuntu/ros2_ws/bridgeroadinspectiondrone/ros/src/imaging/src/image_pub.cpp:42:22:[m[K [01;35m[Kwarning: [m[Kâ€˜[01m[Kseekpro[m[Kâ€™ is used uninitialized in this function [[01;35m[K-Wuninitialized[m[K]
[21.478s]    42 |         [01;35m[Kseekpro->open()[m[K;
[21.478s]       |         [01;35m[K~~~~~~~~~~~~~^~[m[K
[28.555s] [100%] [32m[1mLinking CXX executable image_pub[0m
[30.961s] /usr/bin/ld: CMakeFiles/image_pub.dir/src/image_pub.cpp.o: in function `ImagePub::timer_callback()':
[30.962s] image_pub.cpp:(.text._ZN8ImagePub14timer_callbackEv[_ZN8ImagePub14timer_callbackEv]+0x28): undefined reference to `LibSeek::SeekCam::open()'
[37.489s] collect2: error: ld returned 1 exit status
[37.493s] make[2]: *** [CMakeFiles/image_pub.dir/build.make:226: image_pub] Error 1
[37.494s] make[1]: *** [CMakeFiles/Makefile2:78: CMakeFiles/image_pub.dir/all] Error 2
[37.495s] make: *** [Makefile:141: all] Error 2
[37.500s] Invoked command in '/home/ubuntu/ros2_ws/bridgeroadinspectiondrone/ros/src/build/imaging' returned '2': /usr/bin/cmake --build /home/ubuntu/ros2_ws/bridgeroadinspectiondrone/ros/src/build/imaging -- -j4 -l4
