[0.062s] Invoking command in '/home/ubuntu/ros2_ws/bridgeroadinspectiondrone/ros/src/build/imaging': CMAKE_PREFIX_PATH=/opt/ros/foxy /usr/bin/cmake --build /home/ubuntu/ros2_ws/bridgeroadinspectiondrone/ros/src/build/imaging -- -j4 -l4
[0.244s] [35m[1mScanning dependencies of target image_pub[0m
[0.429s] [ 50%] [32mBuilding CXX object CMakeFiles/image_pub.dir/src/image_pub.cpp.o[0m
[10.971s] [01m[K/home/ubuntu/ros2_ws/bridgeroadinspectiondrone/ros/src/imaging/src/image_pub.cpp:[m[K In member function â€˜[01m[Kvoid ImagePub::timer_callback()[m[Kâ€™:
[10.971s] [01m[K/home/ubuntu/ros2_ws/bridgeroadinspectiondrone/ros/src/imaging/src/image_pub.cpp:41:19:[m[K [01;31m[Kerror: [m[Krequest for member â€˜[01m[Kopen[m[Kâ€™ in â€˜[01m[K((ImagePub*)this)->ImagePub::seek[m[Kâ€™, which is of pointer type â€˜[01m[KLibSeek::SeekThermalPro*[m[Kâ€™ (maybe you meant to use â€˜[01m[K->[m[Kâ€™ ?)
[10.972s]    41 |         if (!seek.[01;31m[Kopen[m[K())
[10.972s]       |                   [01;31m[K^~~~[m[K
[10.974s] [01m[K/home/ubuntu/ros2_ws/bridgeroadinspectiondrone/ros/src/imaging/src/image_pub.cpp:49:19:[m[K [01;31m[Kerror: [m[Krequest for member â€˜[01m[Kempty[m[Kâ€™ in â€˜[01m[K((ImagePub*)this)->ImagePub::vl_cam[m[Kâ€™, which is of pointer type â€˜[01m[Kcv::VideoCapture*[m[Kâ€™ (maybe you meant to use â€˜[01m[K->[m[Kâ€™ ?)
[10.974s]    49 |         if(vl_cam.[01;31m[Kempty[m[K())
[10.975s]       |                   [01;31m[K^~~~~[m[K
[11.015s] [01m[K/home/ubuntu/ros2_ws/bridgeroadinspectiondrone/ros/src/imaging/src/image_pub.cpp:59:19:[m[K [01;31m[Kerror: [m[Krequest for member â€˜[01m[Kread[m[Kâ€™ in â€˜[01m[K((ImagePub*)this)->ImagePub::seek[m[Kâ€™, which is of pointer type â€˜[01m[KLibSeek::SeekThermalPro*[m[Kâ€™ (maybe you meant to use â€˜[01m[K->[m[Kâ€™ ?)
[11.016s]    59 |         if (!seek.[01;31m[Kread[m[K(frame)) {
[11.016s]       |                   [01;31m[K^~~~[m[K
[16.119s] make[2]: *** [CMakeFiles/image_pub.dir/build.make:63: CMakeFiles/image_pub.dir/src/image_pub.cpp.o] Error 1
[16.120s] make[1]: *** [CMakeFiles/Makefile2:78: CMakeFiles/image_pub.dir/all] Error 2
[16.120s] make: *** [Makefile:141: all] Error 2
[16.126s] Invoked command in '/home/ubuntu/ros2_ws/bridgeroadinspectiondrone/ros/src/build/imaging' returned '2': CMAKE_PREFIX_PATH=/opt/ros/foxy /usr/bin/cmake --build /home/ubuntu/ros2_ws/bridgeroadinspectiondrone/ros/src/build/imaging -- -j4 -l4
