[01m[K/home/ubuntu/ros2_ws/bridgeroadinspectiondrone/ros/src/imaging/src/image_pub.cpp:[m[K In function â€˜[01m[Kint main(int, char**)[m[Kâ€™:
[01m[K/home/ubuntu/ros2_ws/bridgeroadinspectiondrone/ros/src/imaging/src/image_pub.cpp:71:23:[m[K [01;35m[Kwarning: [m[Kunused variable â€˜[01m[Kcam[m[Kâ€™ [[01;35m[K-Wunused-variable[m[K]
   71 |     LibSeek::SeekCam* [01;35m[Kcam[m[K;
      |                       [01;35m[K^~~[m[K
/usr/bin/ld: CMakeFiles/image_pub.dir/src/image_pub.cpp.o: in function `main':
image_pub.cpp:(.text+0x1c8): undefined reference to `LibSeek::SeekThermal::SeekThermal()'
/usr/bin/ld: CMakeFiles/image_pub.dir/src/image_pub.cpp.o: in function `LibSeek::SeekThermal::~SeekThermal()':
image_pub.cpp:(.text._ZN7LibSeek11SeekThermalD2Ev[_ZN7LibSeek11SeekThermalD5Ev]+0xc): undefined reference to `vtable for LibSeek::SeekThermal'
/usr/bin/ld: image_pub.cpp:(.text._ZN7LibSeek11SeekThermalD2Ev[_ZN7LibSeek11SeekThermalD5Ev]+0x10): undefined reference to `vtable for LibSeek::SeekThermal'
/usr/bin/ld: image_pub.cpp:(.text._ZN7LibSeek11SeekThermalD2Ev[_ZN7LibSeek11SeekThermalD5Ev]+0x24): undefined reference to `LibSeek::SeekCam::~SeekCam()'
collect2: error: ld returned 1 exit status
make[2]: *** [CMakeFiles/image_pub.dir/build.make:226: image_pub] Error 1
make[1]: *** [CMakeFiles/Makefile2:78: CMakeFiles/image_pub.dir/all] Error 2
make: *** [Makefile:141: all] Error 2
