[0.076s] Invoking command in '/home/ubuntu/ros2_ws/bridgeroadinspectiondrone/ros/src/build/imaging': CMAKE_PREFIX_PATH=/opt/ros/foxy /usr/bin/cmake --build /home/ubuntu/ros2_ws/bridgeroadinspectiondrone/ros/src/build/imaging -- -j4 -l4
[0.273s] [35m[1mScanning dependencies of target image_pub[0m
[0.489s] [ 50%] [32mBuilding CXX object CMakeFiles/image_pub.dir/src/image_pub.cpp.o[0m
[15.179s] [01m[K/home/ubuntu/ros2_ws/bridgeroadinspectiondrone/ros/src/imaging/src/image_pub.cpp:[m[K In function â€˜[01m[Kint main(int, char**)[m[Kâ€™:
[15.180s] [01m[K/home/ubuntu/ros2_ws/bridgeroadinspectiondrone/ros/src/imaging/src/image_pub.cpp:71:23:[m[K [01;35m[Kwarning: [m[Kunused variable â€˜[01m[Kcam[m[Kâ€™ [[01;35m[K-Wunused-variable[m[K]
[15.181s]    71 |     LibSeek::SeekCam* [01;35m[Kcam[m[K;
[15.181s]       |                       [01;35m[K^~~[m[K
[23.423s] [100%] [32m[1mLinking CXX executable image_pub[0m
[25.776s] /usr/bin/ld: CMakeFiles/image_pub.dir/src/image_pub.cpp.o: in function `main':
[25.777s] image_pub.cpp:(.text+0x1c8): undefined reference to `LibSeek::SeekThermal::SeekThermal()'
[25.777s] /usr/bin/ld: CMakeFiles/image_pub.dir/src/image_pub.cpp.o: in function `LibSeek::SeekThermal::~SeekThermal()':
[25.777s] image_pub.cpp:(.text._ZN7LibSeek11SeekThermalD2Ev[_ZN7LibSeek11SeekThermalD5Ev]+0xc): undefined reference to `vtable for LibSeek::SeekThermal'
[25.778s] /usr/bin/ld: image_pub.cpp:(.text._ZN7LibSeek11SeekThermalD2Ev[_ZN7LibSeek11SeekThermalD5Ev]+0x10): undefined reference to `vtable for LibSeek::SeekThermal'
[25.778s] /usr/bin/ld: image_pub.cpp:(.text._ZN7LibSeek11SeekThermalD2Ev[_ZN7LibSeek11SeekThermalD5Ev]+0x24): undefined reference to `LibSeek::SeekCam::~SeekCam()'
[25.790s] collect2: error: ld returned 1 exit status
[25.796s] make[2]: *** [CMakeFiles/image_pub.dir/build.make:226: image_pub] Error 1
[25.798s] make[1]: *** [CMakeFiles/Makefile2:78: CMakeFiles/image_pub.dir/all] Error 2
[25.799s] make: *** [Makefile:141: all] Error 2
[25.805s] Invoked command in '/home/ubuntu/ros2_ws/bridgeroadinspectiondrone/ros/src/build/imaging' returned '2': CMAKE_PREFIX_PATH=/opt/ros/foxy /usr/bin/cmake --build /home/ubuntu/ros2_ws/bridgeroadinspectiondrone/ros/src/build/imaging -- -j4 -l4
