[01m[K/home/ubuntu/ros2_ws/bridgeroadinspectiondrone/ros/src/imaging/src/image_pub.cpp:65:65:[m[K [01;31m[Kerror: [m[Kâ€˜[01m[Kargc[m[Kâ€™ was not declared in this scope
   65 |     LibSeek::SeekThermalPro *seek = new LibSeek::SeekThermalPro([01;31m[Kargc[m[K == 2 ? argv[1] : "");
      |                                                                 [01;31m[K^~~~[m[K
[01m[K/home/ubuntu/ros2_ws/bridgeroadinspectiondrone/ros/src/imaging/src/image_pub.cpp:65:77:[m[K [01;31m[Kerror: [m[Kâ€˜[01m[Kargv[m[Kâ€™ was not declared in this scope
   65 |     LibSeek::SeekThermalPro *seek = new LibSeek::SeekThermalPro(argc == 2 ? [01;31m[Kargv[m[K[1] : "");
      |                                                                             [01;31m[K^~~~[m[K
make[2]: *** [CMakeFiles/image_pub.dir/build.make:63: CMakeFiles/image_pub.dir/src/image_pub.cpp.o] Error 1
make[1]: *** [CMakeFiles/Makefile2:78: CMakeFiles/image_pub.dir/all] Error 2
make: *** [Makefile:141: all] Error 2
