[35m[1mScanning dependencies of target image_pub[0m
[ 50%] [32mBuilding CXX object CMakeFiles/image_pub.dir/src/image_pub.cpp.o[0m
[01m[K/home/ubuntu/ros2_ws/bridgeroadinspectiondrone/ros/src/imaging/src/image_pub.cpp:[m[K In member function â€˜[01m[Kvoid ImagePub::timer_callback()[m[Kâ€™:
[01m[K/home/ubuntu/ros2_ws/bridgeroadinspectiondrone/ros/src/imaging/src/image_pub.cpp:41:14:[m[K [01;31m[Kerror: [m[Kinvalid use of member function â€˜[01m[KLibSeek::SeekThermalPro ImagePub::seek()[m[Kâ€™ (did you forget the â€˜[01m[K()[m[Kâ€™ ?)
   41 |         if (![01;31m[Kseek[m[K.open())
      |              [01;31m[K^~~~[m[K
      |                  [32m[K()[m[K
[01m[K/home/ubuntu/ros2_ws/bridgeroadinspectiondrone/ros/src/imaging/src/image_pub.cpp:41:19:[m[K [01;31m[Kerror: [m[Kexpected â€˜[01m[K)[m[Kâ€™ before â€˜[01m[Kopen[m[Kâ€™
   41 |         if [34m[K([m[K!seek.[01;31m[Ko[m[K[32m[Kpen[m[K())
      |            [34m[K~[m[K      [01;31m[K^[m[K[32m[K~~~[m[K
      |                   [32m[K)[m[K
[01m[K/home/ubuntu/ros2_ws/bridgeroadinspectiondrone/ros/src/imaging/src/image_pub.cpp:59:14:[m[K [01;31m[Kerror: [m[Kinvalid use of member function â€˜[01m[KLibSeek::SeekThermalPro ImagePub::seek()[m[Kâ€™ (did you forget the â€˜[01m[K()[m[Kâ€™ ?)
   59 |         if (![01;31m[Kseek[m[K.read(frame)) {
      |              [01;31m[K^~~~[m[K
      |                  [32m[K()[m[K
[01m[K/home/ubuntu/ros2_ws/bridgeroadinspectiondrone/ros/src/imaging/src/image_pub.cpp:59:19:[m[K [01;31m[Kerror: [m[Kexpected â€˜[01m[K)[m[Kâ€™ before â€˜[01m[Kread[m[Kâ€™
   59 |         if [34m[K([m[K!seek.[01;31m[Kr[m[K[32m[Kead[m[K(frame)) {
      |            [34m[K~[m[K      [01;31m[K^[m[K[32m[K~~~[m[K
      |                   [32m[K)[m[K
make[2]: *** [CMakeFiles/image_pub.dir/build.make:63: CMakeFiles/image_pub.dir/src/image_pub.cpp.o] Error 1
make[1]: *** [CMakeFiles/Makefile2:78: CMakeFiles/image_pub.dir/all] Error 2
make: *** [Makefile:141: all] Error 2
